# JRE version: OpenJDK Runtime Environment (17.0.15+6) (build 17.0.15+6-Ubuntu-0ubuntu122.04)
# Java VM: OpenJDK 64-Bit Server VM (17.0.15+6-Ubuntu-0ubuntu122.04, mixed mode, sharing, tiered, compressed oops, compressed class ptrs, g1 gc, linux-amd64)
GC Precious Log:
 CPUs: 2 total, 2 available
 Memory: 31342M
 Large Page Support: Disabled
 NUMA Support: Disabled
 Compressed Oops: Enabled (Zero based)
 Heap Region Size: 4M
 Heap Min Capacity: 8M
 Heap Initial Capacity: 492M
 Heap Max Capacity: 7836M
 Pre-touch: Disabled
 Parallel Workers: 2
 Concurrent Workers: 1
 Concurrent Refinement Workers: 2
 Periodic GC: Disabled
Heap:
 garbage-first heap   total 512000K, used 22038K [0x0000000616400000, 0x0000000800000000)
  region size 4096K, 5 young (20480K), 1 survivors (4096K)
 Metaspace       used 17006K, committed 17280K, reserved 1114112K
  class space    used 2460K, committed 2624K, reserved 1048576K
GC Heap History (8 events):
Event: 0.561 GC heap before
{Heap before GC invocations=0 (full 0):
 garbage-first heap   total 512000K, used 28596K [0x0000000616400000, 0x0000000800000000)
  region size 4096K, 6 young (24576K), 0 survivors (0K)
 Metaspace       used 8134K, committed 8384K, reserved 1114112K
  class space    used 1002K, committed 1152K, reserved 1048576K
}
Event: 0.577 GC heap after
{Heap after GC invocations=1 (full 0):
 garbage-first heap   total 512000K, used 7924K [0x0000000616400000, 0x0000000800000000)
  region size 4096K, 1 young (4096K), 1 survivors (4096K)
 Metaspace       used 8134K, committed 8384K, reserved 1114112K
  class space    used 1002K, committed 1152K, reserved 1048576K
}
Event: 0.907 GC heap before
{Heap before GC invocations=1 (full 0):
 garbage-first heap   total 512000K, used 28404K [0x0000000616400000, 0x0000000800000000)
  region size 4096K, 6 young (24576K), 1 survivors (4096K)
 Metaspace       used 14212K, committed 14400K, reserved 1114112K
  class space    used 2019K, committed 2112K, reserved 1048576K
}
Event: 0.913 GC heap after
{Heap after GC invocations=2 (full 0):
 garbage-first heap   total 512000K, used 9520K [0x0000000616400000, 0x0000000800000000)
  region size 4096K, 1 young (4096K), 1 survivors (4096K)
 Metaspace       used 14212K, committed 14400K, reserved 1114112K
  class space    used 2019K, committed 2112K, reserved 1048576K
}
Event: 1.072 GC heap before
{Heap before GC invocations=2 (full 0):
 garbage-first heap   total 512000K, used 30000K [0x0000000616400000, 0x0000000800000000)
  region size 4096K, 6 young (24576K), 1 survivors (4096K)
 Metaspace       used 15455K, committed 15744K, reserved 1114112K
  class space    used 2211K, committed 2368K, reserved 1048576K
}
Event: 1.074 GC heap after
{Heap after GC invocations=3 (full 0):
 garbage-first heap   total 512000K, used 9538K [0x0000000616400000, 0x0000000800000000)
  region size 4096K, 1 young (4096K), 1 survivors (4096K)
 Metaspace       used 15455K, committed 15744K, reserved 1114112K
  class space    used 2211K, committed 2368K, reserved 1048576K
}
Event: 1.314 GC heap before
{Heap before GC invocations=3 (full 0):
 garbage-first heap   total 512000K, used 46402K [0x0000000616400000, 0x0000000800000000)
  region size 4096K, 10 young (40960K), 1 survivors (4096K)
 Metaspace       used 16518K, committed 16896K, reserved 1114112K
  class space    used 2382K, committed 2560K, reserved 1048576K
}
Event: 1.316 GC heap after
{Heap after GC invocations=4 (full 0):
 garbage-first heap   total 512000K, used 9750K [0x0000000616400000, 0x0000000800000000)
  region size 4096K, 1 young (4096K), 1 survivors (4096K)
 Metaspace       used 16518K, committed 16896K, reserved 1114112K
  class space    used 2382K, committed 2560K, reserved 1048576K
}

