# JRE version: OpenJDK Runtime Environment (8.0_452-b09) (build 1.8.0_452-8u452-ga~us1-0ubuntu1~20.04-b09)
# Java VM: OpenJDK 64-Bit Server VM (25.452-b09 mixed mode linux-amd64 compressed oops)
Heap:
 PSYoungGen      total 139264K, used 8459K [0x00000000eab00000, 0x00000000fbb00000, 0x0000000100000000)
  eden space 129024K, 6% used [0x00000000eab00000,0x00000000eb342e78,0x00000000f2900000)
  from space 10240K, 0% used [0x00000000f2900000,0x00000000f2900000,0x00000000f3300000)
  to   space 10240K, 0% used [0x00000000fb100000,0x00000000fb100000,0x00000000fbb00000)
 ParOldGen       total 80896K, used 4769K [0x00000000c0000000, 0x00000000c4f00000, 0x00000000eab00000)
  object space 80896K, 5% used [0x00000000c0000000,0x00000000c04a87a8,0x00000000c4f00000)
 Metaspace       used 20983K, capacity 21362K, committed 21756K, reserved 1069056K
  class space    used 2821K, capacity 2959K, committed 3072K, reserved 1048576K
GC Heap History (8 events):
Event: 1.516 GC heap before
{Heap before GC invocations=1 (full 0):
 PSYoungGen      total 74752K, used 64512K [0x00000000eab00000, 0x00000000efe00000, 0x0000000100000000)
  eden space 64512K, 100% used [0x00000000eab00000,0x00000000eea00000,0x00000000eea00000)
  from space 10240K, 0% used [0x00000000ef400000,0x00000000ef400000,0x00000000efe00000)
  to   space 10240K, 0% used [0x00000000eea00000,0x00000000eea00000,0x00000000ef400000)
 ParOldGen       total 171008K, used 0K [0x00000000c0000000, 0x00000000ca700000, 0x00000000eab00000)
  object space 171008K, 0% used [0x00000000c0000000,0x00000000c0000000,0x00000000ca700000)
 Metaspace       used 12448K, capacity 12702K, committed 12928K, reserved 1060864K
  class space    used 1521K, capacity 1617K, committed 1664K, reserved 1048576K
Event: 1.643 GC heap after
Heap after GC invocations=1 (full 0):
 PSYoungGen      total 74752K, used 8066K [0x00000000eab00000, 0x00000000f3d00000, 0x0000000100000000)
  eden space 64512K, 0% used [0x00000000eab00000,0x00000000eab00000,0x00000000eea00000)
  from space 10240K, 78% used [0x00000000eea00000,0x00000000ef1e0bc8,0x00000000ef400000)
  to   space 10240K, 0% used [0x00000000f3300000,0x00000000f3300000,0x00000000f3d00000)
 ParOldGen       total 171008K, used 8K [0x00000000c0000000, 0x00000000ca700000, 0x00000000eab00000)
  object space 171008K, 0% used [0x00000000c0000000,0x00000000c0002000,0x00000000ca700000)
 Metaspace       used 12448K, capacity 12702K, committed 12928K, reserved 1060864K
  class space    used 1521K, capacity 1617K, committed 1664K, reserved 1048576K
}
Event: 2.549 GC heap before
{Heap before GC invocations=2 (full 0):
 PSYoungGen      total 74752K, used 65728K [0x00000000eab00000, 0x00000000f3d00000, 0x0000000100000000)
  eden space 64512K, 89% used [0x00000000eab00000,0x00000000ee34f830,0x00000000eea00000)
  from space 10240K, 78% used [0x00000000eea00000,0x00000000ef1e0bc8,0x00000000ef400000)
  to   space 10240K, 0% used [0x00000000f3300000,0x00000000f3300000,0x00000000f3d00000)
 ParOldGen       total 171008K, used 8K [0x00000000c0000000, 0x00000000ca700000, 0x00000000eab00000)
  object space 171008K, 0% used [0x00000000c0000000,0x00000000c0002000,0x00000000ca700000)
 Metaspace       used 20858K, capacity 21292K, committed 21376K, reserved 1067008K
  class space    used 2802K, capacity 2936K, committed 2944K, reserved 1048576K
Event: 2.610 GC heap after
Heap after GC invocations=2 (full 0):
 PSYoungGen      total 139264K, used 8603K [0x00000000eab00000, 0x00000000f3d00000, 0x0000000100000000)
  eden space 129024K, 0% used [0x00000000eab00000,0x00000000eab00000,0x00000000f2900000)
  from space 10240K, 84% used [0x00000000f3300000,0x00000000f3b66c98,0x00000000f3d00000)
  to   space 10240K, 0% used [0x00000000f2900000,0x00000000f2900000,0x00000000f3300000)
 ParOldGen       total 171008K, used 96K [0x00000000c0000000, 0x00000000ca700000, 0x00000000eab00000)
  object space 171008K, 0% used [0x00000000c0000000,0x00000000c0018010,0x00000000ca700000)
 Metaspace       used 20858K, capacity 21292K, committed 21376K, reserved 1067008K
  class space    used 2802K, capacity 2936K, committed 2944K, reserved 1048576K
}
Event: 2.632 GC heap before
{Heap before GC invocations=3 (full 0):
 PSYoungGen      total 139264K, used 11368K [0x00000000eab00000, 0x00000000f3d00000, 0x0000000100000000)
  eden space 129024K, 2% used [0x00000000eab00000,0x00000000eadb3710,0x00000000f2900000)
  from space 10240K, 84% used [0x00000000f3300000,0x00000000f3b66c98,0x00000000f3d00000)
  to   space 10240K, 0% used [0x00000000f2900000,0x00000000f2900000,0x00000000f3300000)
 ParOldGen       total 171008K, used 96K [0x00000000c0000000, 0x00000000ca700000, 0x00000000eab00000)
  object space 171008K, 0% used [0x00000000c0000000,0x00000000c0018010,0x00000000ca700000)
 Metaspace       used 20966K, capacity 21356K, committed 21628K, reserved 1069056K
  class space    used 2819K, capacity 2936K, committed 2944K, reserved 1048576K
Event: 2.750 GC heap after
Heap after GC invocations=3 (full 0):
 PSYoungGen      total 139264K, used 4866K [0x00000000eab00000, 0x00000000fbb00000, 0x0000000100000000)
  eden space 129024K, 0% used [0x00000000eab00000,0x00000000eab00000,0x00000000f2900000)
  from space 10240K, 47% used [0x00000000f2900000,0x00000000f2dc09a8,0x00000000f3300000)
  to   space 10240K, 0% used [0x00000000fb100000,0x00000000fb100000,0x00000000fbb00000)
 ParOldGen       total 171008K, used 104K [0x00000000c0000000, 0x00000000ca700000, 0x00000000eab00000)
  object space 171008K, 0% used [0x00000000c0000000,0x00000000c001a010,0x00000000ca700000)
 Metaspace       used 20966K, capacity 21356K, committed 21628K, reserved 1069056K
  class space    used 2819K, capacity 2936K, committed 2944K, reserved 1048576K
}
Event: 2.750 GC heap before
{Heap before GC invocations=4 (full 1):
 PSYoungGen      total 139264K, used 4866K [0x00000000eab00000, 0x00000000fbb00000, 0x0000000100000000)
  eden space 129024K, 0% used [0x00000000eab00000,0x00000000eab00000,0x00000000f2900000)
  from space 10240K, 47% used [0x00000000f2900000,0x00000000f2dc09a8,0x00000000f3300000)
  to   space 10240K, 0% used [0x00000000fb100000,0x00000000fb100000,0x00000000fbb00000)
 ParOldGen       total 171008K, used 104K [0x00000000c0000000, 0x00000000ca700000, 0x00000000eab00000)
  object space 171008K, 0% used [0x00000000c0000000,0x00000000c001a010,0x00000000ca700000)
 Metaspace       used 20966K, capacity 21356K, committed 21628K, reserved 1069056K
  class space    used 2819K, capacity 2936K, committed 2944K, reserved 1048576K
Event: 2.951 GC heap after
Heap after GC invocations=4 (full 1):
 PSYoungGen      total 139264K, used 0K [0x00000000eab00000, 0x00000000fbb00000, 0x0000000100000000)
  eden space 129024K, 0% used [0x00000000eab00000,0x00000000eab00000,0x00000000f2900000)
  from space 10240K, 0% used [0x00000000f2900000,0x00000000f2900000,0x00000000f3300000)
  to   space 10240K, 0% used [0x00000000fb100000,0x00000000fb100000,0x00000000fbb00000)
 ParOldGen       total 80896K, used 4769K [0x00000000c0000000, 0x00000000c4f00000, 0x00000000eab00000)
  object space 80896K, 5% used [0x00000000c0000000,0x00000000c04a87a8,0x00000000c4f00000)
 Metaspace       used 20932K, capacity 21270K, committed 21628K, reserved 1069056K
  class space    used 2808K, capacity 2917K, committed 2944K, reserved 1048576K
}

