# JRE version: OpenJDK Runtime Environment (8.0_452-b09) (build 1.8.0_452-8u452-ga~us1-0ubuntu1~20.04-b09)
# Java VM: OpenJDK 64-Bit Server VM (25.452-b09 mixed mode linux-amd64 compressed oops)
Heap:
 PSYoungGen      total 139264K, used 6387K [0x00000000eab00000, 0x00000000f3d00000, 0x0000000100000000)
  eden space 129024K, 4% used [0x00000000eab00000,0x00000000eb13cea8,0x00000000f2900000)
  from space 10240K, 0% used [0x00000000f3300000,0x00000000f3300000,0x00000000f3d00000)
  to   space 10240K, 0% used [0x00000000f2900000,0x00000000f2900000,0x00000000f3300000)
 ParOldGen       total 133120K, used 8410K [0x00000000c0000000, 0x00000000c8200000, 0x00000000eab00000)
  object space 133120K, 6% used [0x00000000c0000000,0x00000000c0836800,0x00000000c8200000)
 Metaspace       used 20867K, capacity 21238K, committed 21504K, reserved 1067008K
  class space    used 2816K, capacity 2949K, committed 3072K, reserved 1048576K
GC Heap History (6 events):
Event: 1.676 GC heap before
{Heap before GC invocations=1 (full 0):
 PSYoungGen      total 74752K, used 64512K [0x00000000eab00000, 0x00000000efe00000, 0x0000000100000000)
  eden space 64512K, 100% used [0x00000000eab00000,0x00000000eea00000,0x00000000eea00000)
  from space 10240K, 0% used [0x00000000ef400000,0x00000000ef400000,0x00000000efe00000)
  to   space 10240K, 0% used [0x00000000eea00000,0x00000000eea00000,0x00000000ef400000)
 ParOldGen       total 171008K, used 0K [0x00000000c0000000, 0x00000000ca700000, 0x00000000eab00000)
  object space 171008K, 0% used [0x00000000c0000000,0x00000000c0000000,0x00000000ca700000)
 Metaspace       used 12468K, capacity 12736K, committed 12928K, reserved 1060864K
  class space    used 1531K, capacity 1650K, committed 1664K, reserved 1048576K
Event: 1.748 GC heap after
Heap after GC invocations=1 (full 0):
 PSYoungGen      total 74752K, used 8039K [0x00000000eab00000, 0x00000000f3d00000, 0x0000000100000000)
  eden space 64512K, 0% used [0x00000000eab00000,0x00000000eab00000,0x00000000eea00000)
  from space 10240K, 78% used [0x00000000eea00000,0x00000000ef1d9e00,0x00000000ef400000)
  to   space 10240K, 0% used [0x00000000f3300000,0x00000000f3300000,0x00000000f3d00000)
 ParOldGen       total 171008K, used 16K [0x00000000c0000000, 0x00000000ca700000, 0x00000000eab00000)
  object space 171008K, 0% used [0x00000000c0000000,0x00000000c0004000,0x00000000ca700000)
 Metaspace       used 12468K, capacity 12736K, committed 12928K, reserved 1060864K
  class space    used 1531K, capacity 1650K, committed 1664K, reserved 1048576K
}
Event: 2.797 GC heap before
{Heap before GC invocations=2 (full 0):
 PSYoungGen      total 74752K, used 66253K [0x00000000eab00000, 0x00000000f3d00000, 0x0000000100000000)
  eden space 64512K, 90% used [0x00000000eab00000,0x00000000ee3d9650,0x00000000eea00000)
  from space 10240K, 78% used [0x00000000eea00000,0x00000000ef1d9e00,0x00000000ef400000)
  to   space 10240K, 0% used [0x00000000f3300000,0x00000000f3300000,0x00000000f3d00000)
 ParOldGen       total 171008K, used 16K [0x00000000c0000000, 0x00000000ca700000, 0x00000000eab00000)
  object space 171008K, 0% used [0x00000000c0000000,0x00000000c0004000,0x00000000ca700000)
 Metaspace       used 20898K, capacity 21254K, committed 21296K, reserved 1067008K
  class space    used 2821K, capacity 2941K, committed 2944K, reserved 1048576K
Event: 2.828 GC heap after
Heap after GC invocations=2 (full 0):
 PSYoungGen      total 139264K, used 8811K [0x00000000eab00000, 0x00000000f3d00000, 0x0000000100000000)
  eden space 129024K, 0% used [0x00000000eab00000,0x00000000eab00000,0x00000000f2900000)
  from space 10240K, 86% used [0x00000000f3300000,0x00000000f3b9af20,0x00000000f3d00000)
  to   space 10240K, 0% used [0x00000000f2900000,0x00000000f2900000,0x00000000f3300000)
 ParOldGen       total 171008K, used 96K [0x00000000c0000000, 0x00000000ca700000, 0x00000000eab00000)
  object space 171008K, 0% used [0x00000000c0000000,0x00000000c0018010,0x00000000ca700000)
 Metaspace       used 20898K, capacity 21254K, committed 21296K, reserved 1067008K
  class space    used 2821K, capacity 2941K, committed 2944K, reserved 1048576K
}
Event: 2.828 GC heap before
{Heap before GC invocations=3 (full 1):
 PSYoungGen      total 139264K, used 8811K [0x00000000eab00000, 0x00000000f3d00000, 0x0000000100000000)
  eden space 129024K, 0% used [0x00000000eab00000,0x00000000eab00000,0x00000000f2900000)
  from space 10240K, 86% used [0x00000000f3300000,0x00000000f3b9af20,0x00000000f3d00000)
  to   space 10240K, 0% used [0x00000000f2900000,0x00000000f2900000,0x00000000f3300000)
 ParOldGen       total 171008K, used 96K [0x00000000c0000000, 0x00000000ca700000, 0x00000000eab00000)
  object space 171008K, 0% used [0x00000000c0000000,0x00000000c0018010,0x00000000ca700000)
 Metaspace       used 20898K, capacity 21254K, committed 21296K, reserved 1067008K
  class space    used 2821K, capacity 2941K, committed 2944K, reserved 1048576K
Event: 5.052 GC heap after
Heap after GC invocations=3 (full 1):
 PSYoungGen      total 139264K, used 0K [0x00000000eab00000, 0x00000000f3d00000, 0x0000000100000000)
  eden space 129024K, 0% used [0x00000000eab00000,0x00000000eab00000,0x00000000f2900000)
  from space 10240K, 0% used [0x00000000f3300000,0x00000000f3300000,0x00000000f3d00000)
  to   space 10240K, 0% used [0x00000000f2900000,0x00000000f2900000,0x00000000f3300000)
 ParOldGen       total 133120K, used 8410K [0x00000000c0000000, 0x00000000c8200000, 0x00000000eab00000)
  object space 133120K, 6% used [0x00000000c0000000,0x00000000c0836800,0x00000000c8200000)
 Metaspace       used 20849K, capacity 21142K, committed 21296K, reserved 1067008K
  class space    used 2807K, capacity 2917K, committed 2944K, reserved 1048576K
}

